<!DOCTYPE html PUBLIC "-//W3C//DTD XHTML 1.0 Transitional//EN" "http://www.w3.org/TR/xhtml1/DTD/xhtml1-transitional.dtd">
<!-- Generated by Apache Maven Doxia Site Renderer 1.4 at 2014-05-31 -->
<html xmlns="http://www.w3.org/1999/xhtml" xml:lang="en" lang="en">
  <head>
    <meta http-equiv="Content-Type" content="text/html; charset=UTF-8" />
    <title>Title_Validation_E2E - Surefire Report</title>
    <style type="text/css" media="all">
      @import url("./css/maven-base.css");
      @import url("./css/maven-theme.css");
      @import url("./css/site.css");
    </style>
    <link rel="stylesheet" href="./css/print.css" type="text/css" media="print" />
    <meta name="Date-Revision-yyyymmdd" content="20140531" />
    <meta http-equiv="Content-Language" content="en" />
        
        </head>
  <body class="composite">
    <div id="banner">
                    <div id="bannerLeft">
                Title_Validation_E2E
                </div>
                    <div class="clear">
        <hr/>
      </div>
    </div>
    <div id="breadcrumbs">
            
                    
                <div class="xleft">
        <span id="publishDate">Last Published: 2014-05-31</span>
                  &nbsp;| <span id="projectVersion">Version: 1.1</span>
                      </div>
            <div class="xright">                    <a href="./" title="Title_Validation_E2E">Title_Validation_E2E</a>
              
                    
      </div>
      <div class="clear">
        <hr/>
      </div>
    </div>
    <div id="leftColumn">
      <div id="navcolumn">
             
                    
                                          <h5>Project Documentation</h5>
                  <ul>
                                                                                                                                                                                                                                                                                            <li class="collapsed">
                          <a href="project-info.html" title="Project Information">Project Information</a>
                  </li>
                                                                              <li class="expanded">
                          <a href="project-reports.html" title="Project Reports">Project Reports</a>
                    <ul>
                      <li class="none">
            <strong>Surefire Report</strong>
          </li>
              </ul>
        </li>
          </ul>
                             <a href="http://maven.apache.org/" title="Built by Maven" class="poweredBy">
        <img class="poweredBy" alt="Built by Maven" src="./images/logos/maven-feather.png" />
      </a>
                   
                    
            </div>
    </div>
    <div id="bodyColumn">
      <div id="contentBox">
        <script type="text/javascript">
//<![CDATA[
function toggleDisplay(elementId) {
 var elm = document.getElementById(elementId + 'error');
 if (elm && typeof elm.style != "undefined") {
 if (elm.style.display == "none") {
 elm.style.display = "";
 document.getElementById(elementId + 'off').style.display = "none";
 document.getElementById(elementId + 'on').style.display = "inline";
 } else if (elm.style.display == "") { elm.style.display = "none";
 document.getElementById(elementId + 'off').style.display = "inline";
 document.getElementById(elementId + 'on').style.display = "none";
 } 
 } 
 }
//]]>
</script>
<div class="section">
<h2>Surefire Report<a name="Surefire_Report"></a></h2></div>
<div class="section">
<h2>Summary<a name="Summary"></a></h2><a name="Summary"></a>
<p>[<a href="#Summary">Summary</a>] [<a href="#Package_List">Package List</a>] [<a href="#Test_Cases">Test Cases</a>]</p><br />
<table border="1" class="bodyTable">
<tr class="a">
<th>Tests</th>
<th>Errors </th>
<th>Failures</th>
<th>Skipped</th>
<th>Success Rate</th>
<th>Time</th></tr>
<tr class="b">
<td>25</td>
<td>0</td>
<td>12</td>
<td>0</td>
<td>52%</td>
<td>0.086</td></tr></table><br />
<p>Note: failures are anticipated and checked for with assertions while errors are unanticipated.</p><br /></div>
<div class="section">
<h2>Package List<a name="Package_List"></a></h2><a name="Package_List"></a>
<p>[<a href="#Summary">Summary</a>] [<a href="#Package_List">Package List</a>] [<a href="#Test_Cases">Test Cases</a>]</p><br />
<table border="1" class="bodyTable">
<tr class="a">
<th>Package</th>
<th>Tests</th>
<th>Errors </th>
<th>Failures</th>
<th>Skipped</th>
<th>Success Rate</th>
<th>Time</th></tr>
<tr class="b">
<td><a href="#core">core</a></td>
<td>25</td>
<td>0</td>
<td>12</td>
<td>0</td>
<td>52%</td>
<td>0.086</td></tr></table><br />
<p>Note: package statistics are not computed recursively, they only sum up all of its testsuites numbers.</p>
<div class="section">
<h3>core<a name="core"></a></h3><a name="core"></a>
<table border="1" class="bodyTable">
<tr class="a">
<th></th>
<th>Class</th>
<th>Tests</th>
<th>Errors </th>
<th>Failures</th>
<th>Skipped</th>
<th>Success Rate</th>
<th>Time</th></tr>
<tr class="b">
<td><a href="#coreSeleniumTest"><img src="images/icon_warning_sml.gif" alt="" /></a></td>
<td><a href="#coreSeleniumTest">SeleniumTest</a></td>
<td>25</td>
<td>0</td>
<td>12</td>
<td>0</td>
<td>52%</td>
<td>0.086</td></tr></table></div><br /></div>
<div class="section">
<h2>Test Cases<a name="Test_Cases"></a></h2><a name="Test_Cases"></a>
<p>[<a href="#Summary">Summary</a>] [<a href="#Package_List">Package List</a>] [<a href="#Test_Cases">Test Cases</a>]</p>
<div class="section">
<h3>SeleniumTest<a name="SeleniumTest"></a></h3><a name="coreSeleniumTest"></a>
<table border="1" class="bodyTable">
<tr class="a">
<td><img src="images/icon_success_sml.gif" alt="" /></td>
<td>test_Title_Validation[Iteration # 0 : exp: learn2test.net; act: learn2test.net]</td>
<td>0.004</td></tr>
<tr class="b">
<td><img src="images/icon_success_sml.gif" alt="" /></td>
<td>test_Title_Validation[Iteration # 1 : exp: www.alegro.com; act: www.alegro.com]</td>
<td>0.002</td></tr>
<tr class="a">
<td><img src="images/icon_success_sml.gif" alt="" /></td>
<td>test_Title_Validation[Iteration # 2 : exp: www.alegro.net; act: www.alegro.net]</td>
<td>0.001</td></tr>
<tr class="b">
<td><img src="images/icon_success_sml.gif" alt="" /></td>
<td>test_Title_Validation[Iteration # 3 : exp: learn2test.net; act: learn2test.net]</td>
<td>0.001</td></tr>
<tr class="a">
<td><img src="images/icon_success_sml.gif" alt="" /></td>
<td>test_Title_Validation[Iteration # 4 : exp: Google; act: Google]</td>
<td>0.001</td></tr>
<tr class="b">
<td><a href="#core.SeleniumTest.test_Title_Validation[Iteration # 5 : exp: Amazon.com: Online Shopping for Electronics; act: Amazon.com: Online Shopping for Electronics, Apparel, Computers, Books, DVDs &amp; more]"><img src="images/icon_error_sml.gif" alt="" /></a></td>
<td><a href="#core.SeleniumTest.test_Title_Validation[Iteration # 5 : exp: Amazon.com: Online Shopping for Electronics; act: Amazon.com: Online Shopping for Electronics, Apparel, Computers, Books, DVDs &amp; more]">test_Title_Validation[Iteration # 5 : exp: Amazon.com: Online Shopping for Electronics; act: Amazon.com: Online Shopping for Electronics, Apparel, Computers, Books, DVDs &amp; more]</a>
<div class="detailToggle" style="display:inline"><a href="javascript:toggleDisplay(&apos;core_SeleniumTest_test_Title_Validation[Iteration # 5 : exp: Amazon_com: Online Shopping for Electronics; act: Amazon_com: Online Shopping for Electronics, Apparel, Computers, Books, DVDs &amp; more]&apos;);"><span style="display:inline;" id="core_SeleniumTest_test_Title_Validation[Iteration # 5 : exp: Amazon_com: Online Shopping for Electronics; act: Amazon_com: Online Shopping for Electronics, Apparel, Computers, Books, DVDs &amp; more]off"> + </span><span style="display:none;" id="core_SeleniumTest_test_Title_Validation[Iteration # 5 : exp: Amazon_com: Online Shopping for Electronics; act: Amazon_com: Online Shopping for Electronics, Apparel, Computers, Books, DVDs &amp; more]on"> - </span>[ Detail ]</a></div></td>
<td>0.013</td></tr>
<tr class="a">
<td></td>
<td>FAILED expected:&lt;...ping for Electronics[]&gt; but was:&lt;...ping for Electronics[, Apparel, Computers, Books, DVDs &amp; more]&gt;</td>
<td></td></tr>
<tr class="b">
<td></td>
<td>
<div id="core_SeleniumTest_test_Title_Validation[Iteration # 5 : exp: Amazon_com: Online Shopping for Electronics; act: Amazon_com: Online Shopping for Electronics, Apparel, Computers, Books, DVDs &amp; more]error" style="display:none;">
<div>
<pre>org.junit.ComparisonFailure: FAILED expected:&lt;...ping for Electronics[]&gt; but was:&lt;...ping for Electronics[, Apparel, Computers, Books, DVDs &amp; more]&gt;at org.junit.Assert.assertEquals(Assert.java:115)at core.SeleniumTest.test_Title_Validation(SeleniumTest.java:66)at sun.reflect.NativeMethodAccessorImpl.invoke0(Native Method)at sun.reflect.NativeMethodAccessorImpl.invoke(NativeMethodAccessorImpl.java:57)at sun.reflect.DelegatingMethodAccessorImpl.invoke(DelegatingMethodAccessorImpl.java:43)at java.lang.reflect.Method.invoke(Method.java:606)at org.junit.runners.model.FrameworkMethod$1.runReflectiveCall(FrameworkMethod.java:47)at org.junit.internal.runners.model.ReflectiveCallable.run(ReflectiveCallable.java:12)at org.junit.runners.model.FrameworkMethod.invokeExplosively(FrameworkMethod.java:44)at org.junit.internal.runners.statements.InvokeMethod.evaluate(InvokeMethod.java:17)at org.junit.runners.ParentRunner.runLeaf(ParentRunner.java:271)at org.junit.runners.BlockJUnit4ClassRunner.runChild(BlockJUnit4ClassRunner.java:70)at org.junit.runners.BlockJUnit4ClassRunner.runChild(BlockJUnit4ClassRunner.java:50)at org.junit.runners.ParentRunner$3.run(ParentRunner.java:238)at org.junit.runners.ParentRunner$1.schedule(ParentRunner.java:63)at org.junit.runners.ParentRunner.runChildren(ParentRunner.java:236)at org.junit.runners.ParentRunner.access$000(ParentRunner.java:53)at org.junit.runners.ParentRunner$2.evaluate(ParentRunner.java:229)at org.junit.runners.ParentRunner.run(ParentRunner.java:309)at org.junit.runners.Suite.runChild(Suite.java:127)at org.junit.runners.Suite.runChild(Suite.java:26)at org.junit.runners.ParentRunner$3.run(ParentRunner.java:238)at org.junit.runners.ParentRunner$1.schedule(ParentRunner.java:63)at org.junit.runners.ParentRunner.runChildren(ParentRunner.java:236)at org.junit.runners.ParentRunner.access$000(ParentRunner.java:53)at org.junit.runners.ParentRunner$2.evaluate(ParentRunner.java:229)at org.junit.internal.runners.statements.RunBefores.evaluate(RunBefores.java:26)at org.junit.runners.ParentRunner.run(ParentRunner.java:309)at org.junit.runners.Suite.runChild(Suite.java:127)at org.junit.runners.Suite.runChild(Suite.java:26)at org.junit.runners.ParentRunner$3.run(ParentRunner.java:238)at org.junit.runners.ParentRunner$1.schedule(ParentRunner.java:63)at org.junit.runners.ParentRunner.runChildren(ParentRunner.java:236)at org.junit.runners.ParentRunner.access$000(ParentRunner.java:53)at org.junit.runners.ParentRunner$2.evaluate(ParentRunner.java:229)at org.junit.runners.ParentRunner.run(ParentRunner.java:309)at org.apache.maven.surefire.junit4.JUnit4Provider.execute(JUnit4Provider.java:252)at org.apache.maven.surefire.junit4.JUnit4Provider.executeTestSet(JUnit4Provider.java:141)at org.apache.maven.surefire.junit4.JUnit4Provider.invoke(JUnit4Provider.java:112)at sun.reflect.NativeMethodAccessorImpl.invoke0(Native Method)at sun.reflect.NativeMethodAccessorImpl.invoke(NativeMethodAccessorImpl.java:57)at sun.reflect.DelegatingMethodAccessorImpl.invoke(DelegatingMethodAccessorImpl.java:43)at java.lang.reflect.Method.invoke(Method.java:606)at org.apache.maven.surefire.util.ReflectionUtils.invokeMethodWithArray(ReflectionUtils.java:189)at org.apache.maven.surefire.booter.ProviderFactory$ProviderProxy.invoke(ProviderFactory.java:165)at org.apache.maven.surefire.booter.ProviderFactory.invokeProvider(ProviderFactory.java:85)at org.apache.maven.surefire.booter.ForkedBooter.runSuitesInProcess(ForkedBooter.java:115)at org.apache.maven.surefire.booter.ForkedBooter.main(ForkedBooter.java:75)</pre></div></div></td>
<td></td></tr>
<tr class="a">
<td><a href="#core.SeleniumTest.test_Title_Validation[Iteration # 6 : exp: Electronics; act: Electronics, Cars, Fashion, Collectibles, Coupons and More | eBay]"><img src="images/icon_error_sml.gif" alt="" /></a></td>
<td><a href="#core.SeleniumTest.test_Title_Validation[Iteration # 6 : exp: Electronics; act: Electronics, Cars, Fashion, Collectibles, Coupons and More | eBay]">test_Title_Validation[Iteration # 6 : exp: Electronics; act: Electronics, Cars, Fashion, Collectibles, Coupons and More | eBay]</a>
<div class="detailToggle" style="display:inline"><a href="javascript:toggleDisplay(&apos;core_SeleniumTest_test_Title_Validation[Iteration # 6 : exp: Electronics; act: Electronics, Cars, Fashion, Collectibles, Coupons and More | eBay]&apos;);"><span style="display:inline;" id="core_SeleniumTest_test_Title_Validation[Iteration # 6 : exp: Electronics; act: Electronics, Cars, Fashion, Collectibles, Coupons and More | eBay]off"> + </span><span style="display:none;" id="core_SeleniumTest_test_Title_Validation[Iteration # 6 : exp: Electronics; act: Electronics, Cars, Fashion, Collectibles, Coupons and More | eBay]on"> - </span>[ Detail ]</a></div></td>
<td>0.004</td></tr>
<tr class="b">
<td></td>
<td>FAILED expected:&lt;Electronics[]&gt; but was:&lt;Electronics[, Cars, Fashion, Collectibles, Coupons and More | eBay]&gt;</td>
<td></td></tr>
<tr class="a">
<td></td>
<td>
<div id="core_SeleniumTest_test_Title_Validation[Iteration # 6 : exp: Electronics; act: Electronics, Cars, Fashion, Collectibles, Coupons and More | eBay]error" style="display:none;">
<div>
<pre>org.junit.ComparisonFailure: FAILED expected:&lt;Electronics[]&gt; but was:&lt;Electronics[, Cars, Fashion, Collectibles, Coupons and More | eBay]&gt;at org.junit.Assert.assertEquals(Assert.java:115)at core.SeleniumTest.test_Title_Validation(SeleniumTest.java:66)at sun.reflect.NativeMethodAccessorImpl.invoke0(Native Method)at sun.reflect.NativeMethodAccessorImpl.invoke(NativeMethodAccessorImpl.java:57)at sun.reflect.DelegatingMethodAccessorImpl.invoke(DelegatingMethodAccessorImpl.java:43)at java.lang.reflect.Method.invoke(Method.java:606)at org.junit.runners.model.FrameworkMethod$1.runReflectiveCall(FrameworkMethod.java:47)at org.junit.internal.runners.model.ReflectiveCallable.run(ReflectiveCallable.java:12)at org.junit.runners.model.FrameworkMethod.invokeExplosively(FrameworkMethod.java:44)at org.junit.internal.runners.statements.InvokeMethod.evaluate(InvokeMethod.java:17)at org.junit.runners.ParentRunner.runLeaf(ParentRunner.java:271)at org.junit.runners.BlockJUnit4ClassRunner.runChild(BlockJUnit4ClassRunner.java:70)at org.junit.runners.BlockJUnit4ClassRunner.runChild(BlockJUnit4ClassRunner.java:50)at org.junit.runners.ParentRunner$3.run(ParentRunner.java:238)at org.junit.runners.ParentRunner$1.schedule(ParentRunner.java:63)at org.junit.runners.ParentRunner.runChildren(ParentRunner.java:236)at org.junit.runners.ParentRunner.access$000(ParentRunner.java:53)at org.junit.runners.ParentRunner$2.evaluate(ParentRunner.java:229)at org.junit.runners.ParentRunner.run(ParentRunner.java:309)at org.junit.runners.Suite.runChild(Suite.java:127)at org.junit.runners.Suite.runChild(Suite.java:26)at org.junit.runners.ParentRunner$3.run(ParentRunner.java:238)at org.junit.runners.ParentRunner$1.schedule(ParentRunner.java:63)at org.junit.runners.ParentRunner.runChildren(ParentRunner.java:236)at org.junit.runners.ParentRunner.access$000(ParentRunner.java:53)at org.junit.runners.ParentRunner$2.evaluate(ParentRunner.java:229)at org.junit.internal.runners.statements.RunBefores.evaluate(RunBefores.java:26)at org.junit.runners.ParentRunner.run(ParentRunner.java:309)at org.junit.runners.Suite.runChild(Suite.java:127)at org.junit.runners.Suite.runChild(Suite.java:26)at org.junit.runners.ParentRunner$3.run(ParentRunner.java:238)at org.junit.runners.ParentRunner$1.schedule(ParentRunner.java:63)at org.junit.runners.ParentRunner.runChildren(ParentRunner.java:236)at org.junit.runners.ParentRunner.access$000(ParentRunner.java:53)at org.junit.runners.ParentRunner$2.evaluate(ParentRunner.java:229)at org.junit.runners.ParentRunner.run(ParentRunner.java:309)at org.apache.maven.surefire.junit4.JUnit4Provider.execute(JUnit4Provider.java:252)at org.apache.maven.surefire.junit4.JUnit4Provider.executeTestSet(JUnit4Provider.java:141)at org.apache.maven.surefire.junit4.JUnit4Provider.invoke(JUnit4Provider.java:112)at sun.reflect.NativeMethodAccessorImpl.invoke0(Native Method)at sun.reflect.NativeMethodAccessorImpl.invoke(NativeMethodAccessorImpl.java:57)at sun.reflect.DelegatingMethodAccessorImpl.invoke(DelegatingMethodAccessorImpl.java:43)at java.lang.reflect.Method.invoke(Method.java:606)at org.apache.maven.surefire.util.ReflectionUtils.invokeMethodWithArray(ReflectionUtils.java:189)at org.apache.maven.surefire.booter.ProviderFactory$ProviderProxy.invoke(ProviderFactory.java:165)at org.apache.maven.surefire.booter.ProviderFactory.invokeProvider(ProviderFactory.java:85)at org.apache.maven.surefire.booter.ForkedBooter.runSuitesInProcess(ForkedBooter.java:115)at org.apache.maven.surefire.booter.ForkedBooter.main(ForkedBooter.java:75)</pre></div></div></td>
<td></td></tr>
<tr class="b">
<td><a href="#core.SeleniumTest.test_Title_Validation[Iteration # 7 : exp: GitHub Â· Build software better; act: GitHub · Build software better, together.]"><img src="images/icon_error_sml.gif" alt="" /></a></td>
<td><a href="#core.SeleniumTest.test_Title_Validation[Iteration # 7 : exp: GitHub Â· Build software better; act: GitHub · Build software better, together.]">test_Title_Validation[Iteration # 7 : exp: GitHub &#xc2;&#xb7; Build software better; act: GitHub &#xb7; Build software better, together.]</a>
<div class="detailToggle" style="display:inline"><a href="javascript:toggleDisplay(&apos;core_SeleniumTest_test_Title_Validation[Iteration # 7 : exp: GitHub Â· Build software better; act: GitHub · Build software better, together_]&apos;);"><span style="display:inline;" id="core_SeleniumTest_test_Title_Validation[Iteration # 7 : exp: GitHub &#xc2;&#xb7; Build software better; act: GitHub &#xb7; Build software better, together_]off"> + </span><span style="display:none;" id="core_SeleniumTest_test_Title_Validation[Iteration # 7 : exp: GitHub &#xc2;&#xb7; Build software better; act: GitHub &#xb7; Build software better, together_]on"> - </span>[ Detail ]</a></div></td>
<td>0.002</td></tr>
<tr class="a">
<td></td>
<td>FAILED expected:&lt;GitHub [&#xc2;&#xb7; Build software better]&gt; but was:&lt;GitHub [&#xb7; Build software better, together.]&gt;</td>
<td></td></tr>
<tr class="b">
<td></td>
<td>
<div id="core_SeleniumTest_test_Title_Validation[Iteration # 7 : exp: GitHub &#xc2;&#xb7; Build software better; act: GitHub &#xb7; Build software better, together_]error" style="display:none;">
<div>
<pre>org.junit.ComparisonFailure: FAILED expected:&lt;GitHub [&#xc2;&#xb7; Build software better]&gt; but was:&lt;GitHub [&#xb7; Build software better, together.]&gt;</pre></div></div></td>
<td></td></tr>
<tr class="a">
<td><a href="#core.SeleniumTest.test_Title_Validation[Iteration # 8 : exp: Welcome to Facebook - Log In; act: Welcome to Facebook - Log In, Sign Up or Learn More]"><img src="images/icon_error_sml.gif" alt="" /></a></td>
<td><a href="#core.SeleniumTest.test_Title_Validation[Iteration # 8 : exp: Welcome to Facebook - Log In; act: Welcome to Facebook - Log In, Sign Up or Learn More]">test_Title_Validation[Iteration # 8 : exp: Welcome to Facebook - Log In; act: Welcome to Facebook - Log In, Sign Up or Learn More]</a>
<div class="detailToggle" style="display:inline"><a href="javascript:toggleDisplay(&apos;core_SeleniumTest_test_Title_Validation[Iteration # 8 : exp: Welcome to Facebook - Log In; act: Welcome to Facebook - Log In, Sign Up or Learn More]&apos;);"><span style="display:inline;" id="core_SeleniumTest_test_Title_Validation[Iteration # 8 : exp: Welcome to Facebook - Log In; act: Welcome to Facebook - Log In, Sign Up or Learn More]off"> + </span><span style="display:none;" id="core_SeleniumTest_test_Title_Validation[Iteration # 8 : exp: Welcome to Facebook - Log In; act: Welcome to Facebook - Log In, Sign Up or Learn More]on"> - </span>[ Detail ]</a></div></td>
<td>0.003</td></tr>
<tr class="b">
<td></td>
<td>FAILED expected:&lt;...to Facebook - Log In[]&gt; but was:&lt;...to Facebook - Log In[, Sign Up or Learn More]&gt;</td>
<td></td></tr>
<tr class="a">
<td></td>
<td>
<div id="core_SeleniumTest_test_Title_Validation[Iteration # 8 : exp: Welcome to Facebook - Log In; act: Welcome to Facebook - Log In, Sign Up or Learn More]error" style="display:none;">
<div>
<pre>org.junit.ComparisonFailure: FAILED expected:&lt;...to Facebook - Log In[]&gt; but was:&lt;...to Facebook - Log In[, Sign Up or Learn More]&gt;at org.junit.Assert.assertEquals(Assert.java:115)at core.SeleniumTest.test_Title_Validation(SeleniumTest.java:66)at sun.reflect.NativeMethodAccessorImpl.invoke0(Native Method)at sun.reflect.NativeMethodAccessorImpl.invoke(NativeMethodAccessorImpl.java:57)at sun.reflect.DelegatingMethodAccessorImpl.invoke(DelegatingMethodAccessorImpl.java:43)at java.lang.reflect.Method.invoke(Method.java:606)at org.junit.runners.model.FrameworkMethod$1.runReflectiveCall(FrameworkMethod.java:47)at org.junit.internal.runners.model.ReflectiveCallable.run(ReflectiveCallable.java:12)at org.junit.runners.model.FrameworkMethod.invokeExplosively(FrameworkMethod.java:44)at org.junit.internal.runners.statements.InvokeMethod.evaluate(InvokeMethod.java:17)at org.junit.runners.ParentRunner.runLeaf(ParentRunner.java:271)at org.junit.runners.BlockJUnit4ClassRunner.runChild(BlockJUnit4ClassRunner.java:70)at org.junit.runners.BlockJUnit4ClassRunner.runChild(BlockJUnit4ClassRunner.java:50)at org.junit.runners.ParentRunner$3.run(ParentRunner.java:238)at org.junit.runners.ParentRunner$1.schedule(ParentRunner.java:63)at org.junit.runners.ParentRunner.runChildren(ParentRunner.java:236)at org.junit.runners.ParentRunner.access$000(ParentRunner.java:53)at org.junit.runners.ParentRunner$2.evaluate(ParentRunner.java:229)at org.junit.runners.ParentRunner.run(ParentRunner.java:309)at org.junit.runners.Suite.runChild(Suite.java:127)at org.junit.runners.Suite.runChild(Suite.java:26)	at org.junit.runners.ParentRunner$3.run(ParentRunner.java:238)at org.junit.runners.ParentRunner$1.schedule(ParentRunner.java:63)at org.junit.runners.ParentRunner.runChildren(ParentRunner.java:236)at org.junit.runners.ParentRunner.access$000(ParentRunner.java:53)at org.junit.runners.ParentRunner$2.evaluate(ParentRunner.java:229)at org.junit.internal.runners.statements.RunBefores.evaluate(RunBefores.java:26)at org.junit.runners.ParentRunner.run(ParentRunner.java:309)at org.junit.runners.Suite.runChild(Suite.java:127)at org.junit.runners.Suite.runChild(Suite.java:26)at org.junit.runners.ParentRunner$3.run(ParentRunner.java:238)at org.junit.runners.ParentRunner$1.schedule(ParentRunner.java:63)at org.junit.runners.ParentRunner.runChildren(ParentRunner.java:236)at org.junit.runners.ParentRunner.access$000(ParentRunner.java:53)at org.junit.runners.ParentRunner$2.evaluate(ParentRunner.java:229)at org.junit.runners.ParentRunner.run(ParentRunner.java:309)at org.apache.maven.surefire.junit4.JUnit4Provider.execute(JUnit4Provider.java:252)at org.apache.maven.surefire.junit4.JUnit4Provider.executeTestSet(JUnit4Provider.java:141)at org.apache.maven.surefire.junit4.JUnit4Provider.invoke(JUnit4Provider.java:112)at sun.reflect.NativeMethodAccessorImpl.invoke0(Native Method)at sun.reflect.NativeMethodAccessorImpl.invoke(NativeMethodAccessorImpl.java:57)at sun.reflect.DelegatingMethodAccessorImpl.invoke(DelegatingMethodAccessorImpl.java:43)at java.lang.reflect.Method.invoke(Method.java:606)at org.apache.maven.surefire.util.ReflectionUtils.invokeMethodWithArray(ReflectionUtils.java:189)at org.apache.maven.surefire.booter.ProviderFactory$ProviderProxy.invoke(ProviderFactory.java:165)at org.apache.maven.surefire.booter.ProviderFactory.invokeProvider(ProviderFactory.java:85)at org.apache.maven.surefire.booter.ForkedBooter.runSuitesInProcess(ForkedBooter.java:115)at org.apache.maven.surefire.booter.ForkedBooter.main(ForkedBooter.java:75)</pre></div></div></td>
<td></td></tr>
<tr class="b">
<td><img src="images/icon_success_sml.gif" alt="" /></td>
<td>test_Title_Validation[Iteration # 9 : exp: YouTube; act: YouTube]</td>
<td>0.002</td></tr>
<tr class="a">
<td><a href="#core.SeleniumTest.test_Title_Validation[Iteration # 10 : exp: CBS TV Network Primetime; act: CBS TV Network Primetime, Daytime, Late Night and Classic Television Shows]"><img src="images/icon_error_sml.gif" alt="" /></a></td>
<td><a href="#core.SeleniumTest.test_Title_Validation[Iteration # 10 : exp: CBS TV Network Primetime; act: CBS TV Network Primetime, Daytime, Late Night and Classic Television Shows]">test_Title_Validation[Iteration # 10 : exp: CBS TV Network Primetime; act: CBS TV Network Primetime, Daytime, Late Night and Classic Television Shows]</a>
<div class="detailToggle" style="display:inline"><a href="javascript:toggleDisplay(&apos;core_SeleniumTest_test_Title_Validation[Iteration # 10 : exp: CBS TV Network Primetime; act: CBS TV Network Primetime, Daytime, Late Night and Classic Television Shows]&apos;);"><span style="display:inline;" id="core_SeleniumTest_test_Title_Validation[Iteration # 10 : exp: CBS TV Network Primetime; act: CBS TV Network Primetime, Daytime, Late Night and Classic Television Shows]off"> + </span><span style="display:none;" id="core_SeleniumTest_test_Title_Validation[Iteration # 10 : exp: CBS TV Network Primetime; act: CBS TV Network Primetime, Daytime, Late Night and Classic Television Shows]on"> - </span>[ Detail ]</a></div></td>
<td>0.004</td></tr>
<tr class="b">
<td></td>
<td>FAILED expected:&lt;...TV Network Primetime[]&gt; but was:&lt;...TV Network Primetime[, Daytime, Late Night and Classic Television Shows]&gt;</td>
<td></td></tr>
<tr class="a">
<td></td>
<td>
<div id="core_SeleniumTest_test_Title_Validation[Iteration # 10 : exp: CBS TV Network Primetime; act: CBS TV Network Primetime, Daytime, Late Night and Classic Television Shows]error" style="display:none;">
<div>
<pre>org.junit.ComparisonFailure: FAILED expected:&lt;...TV Network Primetime[]&gt; but was:&lt;...TV Network Primetime[, Daytime, Late Night and Classic Television Shows]&gt;at org.junit.Assert.assertEquals(Assert.java:115)at core.SeleniumTest.test_Title_Validation(SeleniumTest.java:66)at sun.reflect.NativeMethodAccessorImpl.invoke0(Native Method)at sun.reflect.NativeMethodAccessorImpl.invoke(NativeMethodAccessorImpl.java:57)at sun.reflect.DelegatingMethodAccessorImpl.invoke(DelegatingMethodAccessorImpl.java:43)at java.lang.reflect.Method.invoke(Method.java:606)at org.junit.runners.model.FrameworkMethod$1.runReflectiveCall(FrameworkMethod.java:47)at org.junit.internal.runners.model.ReflectiveCallable.run(ReflectiveCallable.java:12)at org.junit.runners.model.FrameworkMethod.invokeExplosively(FrameworkMethod.java:44)at org.junit.internal.runners.statements.InvokeMethod.evaluate(InvokeMethod.java:17)at org.junit.runners.ParentRunner.runLeaf(ParentRunner.java:271)at org.junit.runners.BlockJUnit4ClassRunner.runChild(BlockJUnit4ClassRunner.java:70)at org.junit.runners.BlockJUnit4ClassRunner.runChild(BlockJUnit4ClassRunner.java:50)at org.junit.runners.ParentRunner$3.run(ParentRunner.java:238)at org.junit.runners.ParentRunner$1.schedule(ParentRunner.java:63)at org.junit.runners.ParentRunner.runChildren(ParentRunner.java:236)at org.junit.runners.ParentRunner.access$000(ParentRunner.java:53)at org.junit.runners.ParentRunner$2.evaluate(ParentRunner.java:229)at org.junit.runners.ParentRunner.run(ParentRunner.java:309)at org.junit.runners.Suite.runChild(Suite.java:127)at org.junit.runners.Suite.runChild(Suite.java:26)at org.junit.runners.ParentRunner$3.run(ParentRunner.java:238)at org.junit.runners.ParentRunner$1.schedule(ParentRunner.java:63)at org.junit.runners.ParentRunner.runChildren(ParentRunner.java:236)at org.junit.runners.ParentRunner.access$000(ParentRunner.java:53)at org.junit.runners.ParentRunner$2.evaluate(ParentRunner.java:229)at org.junit.internal.runners.statements.RunBefores.evaluate(RunBefores.java:26)at org.junit.runners.ParentRunner.run(ParentRunner.java:309)at org.junit.runners.Suite.runChild(Suite.java:127)at org.junit.runners.Suite.runChild(Suite.java:26)at org.junit.runners.ParentRunner$3.run(ParentRunner.java:238)at org.junit.runners.ParentRunner$1.schedule(ParentRunner.java:63)at org.junit.runners.ParentRunner.runChildren(ParentRunner.java:236)at org.junit.runners.ParentRunner.access$000(ParentRunner.java:53)at org.junit.runners.ParentRunner$2.evaluate(ParentRunner.java:229)at org.junit.runners.ParentRunner.run(ParentRunner.java:309)at org.apache.maven.surefire.junit4.JUnit4Provider.execute(JUnit4Provider.java:252)at org.apache.maven.surefire.junit4.JUnit4Provider.executeTestSet(JUnit4Provider.java:141)at org.apache.maven.surefire.junit4.JUnit4Provider.invoke(JUnit4Provider.java:112)at sun.reflect.NativeMethodAccessorImpl.invoke0(Native Method)at sun.reflect.NativeMethodAccessorImpl.invoke(NativeMethodAccessorImpl.java:57)at sun.reflect.DelegatingMethodAccessorImpl.invoke(DelegatingMethodAccessorImpl.java:43)at java.lang.reflect.Method.invoke(Method.java:606)at org.apache.maven.surefire.util.ReflectionUtils.invokeMethodWithArray(ReflectionUtils.java:189)at org.apache.maven.surefire.booter.ProviderFactory$ProviderProxy.invoke(ProviderFactory.java:165)at org.apache.maven.surefire.booter.ProviderFactory.invokeProvider(ProviderFactory.java:85)at org.apache.maven.surefire.booter.ForkedBooter.runSuitesInProcess(ForkedBooter.java:115)at org.apache.maven.surefire.booter.ForkedBooter.main(ForkedBooter.java:75)</pre></div></div></td>
<td></td></tr>
<tr class="b">
<td><a href="#core.SeleniumTest.test_Title_Validation[Iteration # 11 : exp: NBC TV Network | Watch Primetime; act: NBC TV Network | Watch Primetime, Daytime, Late Night &amp; Classic Television]"><img src="images/icon_error_sml.gif" alt="" /></a></td>
<td><a href="#core.SeleniumTest.test_Title_Validation[Iteration # 11 : exp: NBC TV Network | Watch Primetime; act: NBC TV Network | Watch Primetime, Daytime, Late Night &amp; Classic Television]">test_Title_Validation[Iteration # 11 : exp: NBC TV Network | Watch Primetime; act: NBC TV Network | Watch Primetime, Daytime, Late Night &amp; Classic Television]</a>
<div class="detailToggle" style="display:inline"><a href="javascript:toggleDisplay(&apos;core_SeleniumTest_test_Title_Validation[Iteration # 11 : exp: NBC TV Network | Watch Primetime; act: NBC TV Network | Watch Primetime, Daytime, Late Night &amp; Classic Television]&apos;);"><span style="display:inline;" id="core_SeleniumTest_test_Title_Validation[Iteration # 11 : exp: NBC TV Network | Watch Primetime; act: NBC TV Network | Watch Primetime, Daytime, Late Night &amp; Classic Television]off"> + </span><span style="display:none;" id="core_SeleniumTest_test_Title_Validation[Iteration # 11 : exp: NBC TV Network | Watch Primetime; act: NBC TV Network | Watch Primetime, Daytime, Late Night &amp; Classic Television]on"> - </span>[ Detail ]</a></div></td>
<td>0.003</td></tr>
<tr class="a">
<td></td>
<td>FAILED expected:&lt;...rk | Watch Primetime[]&gt; but was:&lt;...rk | Watch Primetime[, Daytime, Late Night &amp; Classic Television]&gt;</td>
<td></td></tr>
<tr class="b">
<td></td>
<td>
<div id="core_SeleniumTest_test_Title_Validation[Iteration # 11 : exp: NBC TV Network | Watch Primetime; act: NBC TV Network | Watch Primetime, Daytime, Late Night &amp; Classic Television]error" style="display:none;">
<div>
<pre>org.junit.ComparisonFailure: FAILED expected:&lt;...rk | Watch Primetime[]&gt; but was:&lt;...rk | Watch Primetime[, Daytime, Late Night &amp; Classic Television]&gt;at org.junit.Assert.assertEquals(Assert.java:115)at core.SeleniumTest.test_Title_Validation(SeleniumTest.java:66)at sun.reflect.NativeMethodAccessorImpl.invoke0(Native Method)at sun.reflect.NativeMethodAccessorImpl.invoke(NativeMethodAccessorImpl.java:57)at sun.reflect.DelegatingMethodAccessorImpl.invoke(DelegatingMethodAccessorImpl.java:43)at java.lang.reflect.Method.invoke(Method.java:606)at org.junit.runners.model.FrameworkMethod$1.runReflectiveCall(FrameworkMethod.java:47)at org.junit.internal.runners.model.ReflectiveCallable.run(ReflectiveCallable.java:12)at org.junit.runners.model.FrameworkMethod.invokeExplosively(FrameworkMethod.java:44)at org.junit.internal.runners.statements.InvokeMethod.evaluate(InvokeMethod.java:17)at org.junit.runners.ParentRunner.runLeaf(ParentRunner.java:271)at org.junit.runners.BlockJUnit4ClassRunner.runChild(BlockJUnit4ClassRunner.java:70)at org.junit.runners.BlockJUnit4ClassRunner.runChild(BlockJUnit4ClassRunner.java:50)at org.junit.runners.ParentRunner$3.run(ParentRunner.java:238)at org.junit.runners.ParentRunner$1.schedule(ParentRunner.java:63)at org.junit.runners.ParentRunner.runChildren(ParentRunner.java:236)at org.junit.runners.ParentRunner.access$000(ParentRunner.java:53)at org.junit.runners.ParentRunner$2.evaluate(ParentRunner.java:229)at org.junit.runners.ParentRunner.run(ParentRunner.java:309)at org.junit.runners.Suite.runChild(Suite.java:127)at org.junit.runners.Suite.runChild(Suite.java:26)at org.junit.runners.ParentRunner$3.run(ParentRunner.java:238)at org.junit.runners.ParentRunner$1.schedule(ParentRunner.java:63)at org.junit.runners.ParentRunner.runChildren(ParentRunner.java:236)at org.junit.runners.ParentRunner.access$000(ParentRunner.java:53)at org.junit.runners.ParentRunner$2.evaluate(ParentRunner.java:229)at org.junit.internal.runners.statements.RunBefores.evaluate(RunBefores.java:26)at org.junit.runners.ParentRunner.run(ParentRunner.java:309)at org.junit.runners.Suite.runChild(Suite.java:127)at org.junit.runners.Suite.runChild(Suite.java:26)at org.junit.runners.ParentRunner$3.run(ParentRunner.java:238)at org.junit.runners.ParentRunner$1.schedule(ParentRunner.java:63)at org.junit.runners.ParentRunner.runChildren(ParentRunner.java:236)at org.junit.runners.ParentRunner.access$000(ParentRunner.java:53)at org.junit.runners.ParentRunner$2.evaluate(ParentRunner.java:229)at org.junit.runners.ParentRunner.run(ParentRunner.java:309)at org.apache.maven.surefire.junit4.JUnit4Provider.execute(JUnit4Provider.java:252)at org.apache.maven.surefire.junit4.JUnit4Provider.executeTestSet(JUnit4Provider.java:141)at org.apache.maven.surefire.junit4.JUnit4Provider.invoke(JUnit4Provider.java:112)at sun.reflect.NativeMethodAccessorImpl.invoke0(Native Method)at sun.reflect.NativeMethodAccessorImpl.invoke(NativeMethodAccessorImpl.java:57)at sun.reflect.DelegatingMethodAccessorImpl.invoke(DelegatingMethodAccessorImpl.java:43)at java.lang.reflect.Method.invoke(Method.java:606)at org.apache.maven.surefire.util.ReflectionUtils.invokeMethodWithArray(ReflectionUtils.java:189)at org.apache.maven.surefire.booter.ProviderFactory$ProviderProxy.invoke(ProviderFactory.java:165)at org.apache.maven.surefire.booter.ProviderFactory.invokeProvider(ProviderFactory.java:85)at org.apache.maven.surefire.booter.ForkedBooter.runSuitesInProcess(ForkedBooter.java:115)at org.apache.maven.surefire.booter.ForkedBooter.main(ForkedBooter.java:75)</pre></div></div></td>
<td></td></tr>
<tr class="a">
<td><img src="images/icon_success_sml.gif" alt="" /></td>
<td>test_Title_Validation[Iteration # 12 : exp: FOX Broadcasting Company - FOX Television Shows; act: FOX Broadcasting Company - FOX Television Shows]</td>
<td>0.004</td></tr>
<tr class="b">
<td><a href="#core.SeleniumTest.test_Title_Validation[Iteration # 13 : exp: Netflix - Watch TV Shows Online; act: Netflix - Watch TV Shows Online, Watch Movies Online]"><img src="images/icon_error_sml.gif" alt="" /></a></td>
<td><a href="#core.SeleniumTest.test_Title_Validation[Iteration # 13 : exp: Netflix - Watch TV Shows Online; act: Netflix - Watch TV Shows Online, Watch Movies Online]">test_Title_Validation[Iteration # 13 : exp: Netflix - Watch TV Shows Online; act: Netflix - Watch TV Shows Online, Watch Movies Online]</a>
<div class="detailToggle" style="display:inline"><a href="javascript:toggleDisplay(&apos;core_SeleniumTest_test_Title_Validation[Iteration # 13 : exp: Netflix - Watch TV Shows Online; act: Netflix - Watch TV Shows Online, Watch Movies Online]&apos;);"><span style="display:inline;" id="core_SeleniumTest_test_Title_Validation[Iteration # 13 : exp: Netflix - Watch TV Shows Online; act: Netflix - Watch TV Shows Online, Watch Movies Online]off"> + </span><span style="display:none;" id="core_SeleniumTest_test_Title_Validation[Iteration # 13 : exp: Netflix - Watch TV Shows Online; act: Netflix - Watch TV Shows Online, Watch Movies Online]on"> - </span>[ Detail ]</a></div></td>
<td>0.017</td></tr>
<tr class="a">
<td></td>
<td>FAILED expected:&lt;...atch TV Shows Online[]&gt; but was:&lt;...atch TV Shows Online[, Watch Movies Online]&gt;</td>
<td></td></tr>
<tr class="b">
<td></td>
<td>
<div id="core_SeleniumTest_test_Title_Validation[Iteration # 13 : exp: Netflix - Watch TV Shows Online; act: Netflix - Watch TV Shows Online, Watch Movies Online]error" style="display:none;">
<div>
<pre>org.junit.ComparisonFailure: FAILED expected:&lt;...atch TV Shows Online[]&gt; but was:&lt;...atch TV Shows Online[, Watch Movies Online]&gt;at org.junit.Assert.assertEquals(Assert.java:115)at core.SeleniumTest.test_Title_Validation(SeleniumTest.java:66)at sun.reflect.NativeMethodAccessorImpl.invoke0(Native Method)at sun.reflect.NativeMethodAccessorImpl.invoke(NativeMethodAccessorImpl.java:57)at sun.reflect.DelegatingMethodAccessorImpl.invoke(DelegatingMethodAccessorImpl.java:43)at java.lang.reflect.Method.invoke(Method.java:606)at org.junit.runners.model.FrameworkMethod$1.runReflectiveCall(FrameworkMethod.java:47)at org.junit.internal.runners.model.ReflectiveCallable.run(ReflectiveCallable.java:12)at org.junit.runners.model.FrameworkMethod.invokeExplosively(FrameworkMethod.java:44)at org.junit.internal.runners.statements.InvokeMethod.evaluate(InvokeMethod.java:17)at org.junit.runners.ParentRunner.runLeaf(ParentRunner.java:271)at org.junit.runners.BlockJUnit4ClassRunner.runChild(BlockJUnit4ClassRunner.java:70)at org.junit.runners.BlockJUnit4ClassRunner.runChild(BlockJUnit4ClassRunner.java:50)at org.junit.runners.ParentRunner$3.run(ParentRunner.java:238)at org.junit.runners.ParentRunner$1.schedule(ParentRunner.java:63)at org.junit.runners.ParentRunner.runChildren(ParentRunner.java:236)at org.junit.runners.ParentRunner.access$000(ParentRunner.java:53)at org.junit.runners.ParentRunner$2.evaluate(ParentRunner.java:229)at org.junit.runners.ParentRunner.run(ParentRunner.java:309)at org.junit.runners.Suite.runChild(Suite.java:127)at org.junit.runners.Suite.runChild(Suite.java:26)at org.junit.runners.ParentRunner$3.run(ParentRunner.java:238)at org.junit.runners.ParentRunner$1.schedule(ParentRunner.java:63)at org.junit.runners.ParentRunner.runChildren(ParentRunner.java:236)at org.junit.runners.ParentRunner.access$000(ParentRunner.java:53)at org.junit.runners.ParentRunner$2.evaluate(ParentRunner.java:229)at org.junit.internal.runners.statements.RunBefores.evaluate(RunBefores.java:26)at org.junit.runners.ParentRunner.run(ParentRunner.java:309)at org.junit.runners.Suite.runChild(Suite.java:127)at org.junit.runners.Suite.runChild(Suite.java:26)at org.junit.runners.ParentRunner$3.run(ParentRunner.java:238)at org.junit.runners.ParentRunner$1.schedule(ParentRunner.java:63)at org.junit.runners.ParentRunner.runChildren(ParentRunner.java:236)at org.junit.runners.ParentRunner.access$000(ParentRunner.java:53)at org.junit.runners.ParentRunner$2.evaluate(ParentRunner.java:229)at org.junit.runners.ParentRunner.run(ParentRunner.java:309)at org.apache.maven.surefire.junit4.JUnit4Provider.execute(JUnit4Provider.java:252)at org.apache.maven.surefire.junit4.JUnit4Provider.executeTestSet(JUnit4Provider.java:141)at org.apache.maven.surefire.junit4.JUnit4Provider.invoke(JUnit4Provider.java:112)at sun.reflect.NativeMethodAccessorImpl.invoke0(Native Method)at sun.reflect.NativeMethodAccessorImpl.invoke(NativeMethodAccessorImpl.java:57)at sun.reflect.DelegatingMethodAccessorImpl.invoke(DelegatingMethodAccessorImpl.java:43)at java.lang.reflect.Method.invoke(Method.java:606)at org.apache.maven.surefire.util.ReflectionUtils.invokeMethodWithArray(ReflectionUtils.java:189)at org.apache.maven.surefire.booter.ProviderFactory$ProviderProxy.invoke(ProviderFactory.java:165)at org.apache.maven.surefire.booter.ProviderFactory.invokeProvider(ProviderFactory.java:85)at org.apache.maven.surefire.booter.ForkedBooter.runSuitesInProcess(ForkedBooter.java:115)at org.apache.maven.surefire.booter.ForkedBooter.main(ForkedBooter.java:75)</pre></div></div></td>
<td></td></tr>
<tr class="a">
<td><a href="#core.SeleniumTest.test_Title_Validation[Iteration # 14 : exp: New Music Videos; act: New Music Videos, Reality TV Shows, Celebrity News, Pop Culture | MTV]"><img src="images/icon_error_sml.gif" alt="" /></a></td>
<td><a href="#core.SeleniumTest.test_Title_Validation[Iteration # 14 : exp: New Music Videos; act: New Music Videos, Reality TV Shows, Celebrity News, Pop Culture | MTV]">test_Title_Validation[Iteration # 14 : exp: New Music Videos; act: New Music Videos, Reality TV Shows, Celebrity News, Pop Culture | MTV]</a>
<div class="detailToggle" style="display:inline"><a href="javascript:toggleDisplay(&apos;core_SeleniumTest_test_Title_Validation[Iteration # 14 : exp: New Music Videos; act: New Music Videos, Reality TV Shows, Celebrity News, Pop Culture | MTV]&apos;);"><span style="display:inline;" id="core_SeleniumTest_test_Title_Validation[Iteration # 14 : exp: New Music Videos; act: New Music Videos, Reality TV Shows, Celebrity News, Pop Culture | MTV]off"> + </span><span style="display:none;" id="core_SeleniumTest_test_Title_Validation[Iteration # 14 : exp: New Music Videos; act: New Music Videos, Reality TV Shows, Celebrity News, Pop Culture | MTV]on"> - </span>[ Detail ]</a></div></td>
<td>0.005</td></tr>
<tr class="b">
<td></td>
<td>FAILED expected:&lt;New Music Videos[]&gt; but was:&lt;New Music Videos[, Reality TV Shows, Celebrity News, Pop Culture | MTV]&gt;</td>
<td></td></tr>
<tr class="a">
<td></td>
<td>
<div id="core_SeleniumTest_test_Title_Validation[Iteration # 14 : exp: New Music Videos; act: New Music Videos, Reality TV Shows, Celebrity News, Pop Culture | MTV]error" style="display:none;">
<div>
<pre>org.junit.ComparisonFailure: FAILED expected:&lt;New Music Videos[]&gt; but was:&lt;New Music Videos[, Reality TV Shows, Celebrity News, Pop Culture | MTV]&gt;at org.junit.Assert.assertEquals(Assert.java:115)at core.SeleniumTest.test_Title_Validation(SeleniumTest.java:66)at sun.reflect.NativeMethodAccessorImpl.invoke0(Native Method)at sun.reflect.NativeMethodAccessorImpl.invoke(NativeMethodAccessorImpl.java:57)at sun.reflect.DelegatingMethodAccessorImpl.invoke(DelegatingMethodAccessorImpl.java:43)at java.lang.reflect.Method.invoke(Method.java:606)at org.junit.runners.model.FrameworkMethod$1.runReflectiveCall(FrameworkMethod.java:47)at org.junit.internal.runners.model.ReflectiveCallable.run(ReflectiveCallable.java:12)at org.junit.runners.model.FrameworkMethod.invokeExplosively(FrameworkMethod.java:44)at org.junit.internal.runners.statements.InvokeMethod.evaluate(InvokeMethod.java:17)at org.junit.runners.ParentRunner.runLeaf(ParentRunner.java:271)at org.junit.runners.BlockJUnit4ClassRunner.runChild(BlockJUnit4ClassRunner.java:70)at org.junit.runners.BlockJUnit4ClassRunner.runChild(BlockJUnit4ClassRunner.java:50)at org.junit.runners.ParentRunner$3.run(ParentRunner.java:238)at org.junit.runners.ParentRunner$1.schedule(ParentRunner.java:63)at org.junit.runners.ParentRunner.runChildren(ParentRunner.java:236)at org.junit.runners.ParentRunner.access$000(ParentRunner.java:53)at org.junit.runners.ParentRunner$2.evaluate(ParentRunner.java:229)at org.junit.runners.ParentRunner.run(ParentRunner.java:309)at org.junit.runners.Suite.runChild(Suite.java:127)at org.junit.runners.Suite.runChild(Suite.java:26)at org.junit.runners.ParentRunner$3.run(ParentRunner.java:238)at org.junit.runners.ParentRunner$1.schedule(ParentRunner.java:63)at org.junit.runners.ParentRunner.runChildren(ParentRunner.java:236)at org.junit.runners.ParentRunner.access$000(ParentRunner.java:53)at org.junit.runners.ParentRunner$2.evaluate(ParentRunner.java:229)at org.junit.internal.runners.statements.RunBefores.evaluate(RunBefores.java:26)at org.junit.runners.ParentRunner.run(ParentRunner.java:309)at org.junit.runners.Suite.runChild(Suite.java:127)at org.junit.runners.Suite.runChild(Suite.java:26)at org.junit.runners.ParentRunner$3.run(ParentRunner.java:238)at org.junit.runners.ParentRunner$1.schedule(ParentRunner.java:63)at org.junit.runners.ParentRunner.runChildren(ParentRunner.java:236)at org.junit.runners.ParentRunner.access$000(ParentRunner.java:53)at org.junit.runners.ParentRunner$2.evaluate(ParentRunner.java:229)at org.junit.runners.ParentRunner.run(ParentRunner.java:309)at org.apache.maven.surefire.junit4.JUnit4Provider.execute(JUnit4Provider.java:252)at org.apache.maven.surefire.junit4.JUnit4Provider.executeTestSet(JUnit4Provider.java:141)at org.apache.maven.surefire.junit4.JUnit4Provider.invoke(JUnit4Provider.java:112)at sun.reflect.NativeMethodAccessorImpl.invoke0(Native Method)at sun.reflect.NativeMethodAccessorImpl.invoke(NativeMethodAccessorImpl.java:57)at sun.reflect.DelegatingMethodAccessorImpl.invoke(DelegatingMethodAccessorImpl.java:43)at java.lang.reflect.Method.invoke(Method.java:606)at org.apache.maven.surefire.util.ReflectionUtils.invokeMethodWithArray(ReflectionUtils.java:189)at org.apache.maven.surefire.booter.ProviderFactory$ProviderProxy.invoke(ProviderFactory.java:165)at org.apache.maven.surefire.booter.ProviderFactory.invokeProvider(ProviderFactory.java:85)at org.apache.maven.surefire.booter.ForkedBooter.runSuitesInProcess(ForkedBooter.java:115)at org.apache.maven.surefire.booter.ForkedBooter.main(ForkedBooter.java:75)</pre></div></div></td>
<td></td></tr>
<tr class="b">
<td><img src="images/icon_success_sml.gif" alt="" /></td>
<td>test_Title_Validation[Iteration # 15 : exp: Showtime Official Site; act: Showtime Official Site]</td>
<td>0.002</td></tr>
<tr class="a">
<td><a href="#core.SeleniumTest.test_Title_Validation[Iteration # 16 : exp: Comcast Official Site: High-Speed Internet; act: Comcast Official Site: High-Speed Internet, Cable TV, and Phone Services Deals – XFINITY® from Comcast]"><img src="images/icon_error_sml.gif" alt="" /></a></td>
<td><a href="#core.SeleniumTest.test_Title_Validation[Iteration # 16 : exp: Comcast Official Site: High-Speed Internet; act: Comcast Official Site: High-Speed Internet, Cable TV, and Phone Services Deals – XFINITY® from Comcast]">test_Title_Validation[Iteration # 16 : exp: Comcast Official Site: High-Speed Internet; act: Comcast Official Site: High-Speed Internet, Cable TV, and Phone Services Deals &#x2013; XFINITY&#xae; from Comcast]</a>
<div class="detailToggle" style="display:inline"><a href="javascript:toggleDisplay(&apos;core_SeleniumTest_test_Title_Validation[Iteration # 16 : exp: Comcast Official Site: High-Speed Internet; act: Comcast Official Site: High-Speed Internet, Cable TV, and Phone Services Deals – XFINITY® from Comcast]&apos;);"><span style="display:inline;" id="core_SeleniumTest_test_Title_Validation[Iteration # 16 : exp: Comcast Official Site: High-Speed Internet; act: Comcast Official Site: High-Speed Internet, Cable TV, and Phone Services Deals &#x2013; XFINITY&#xae; from Comcast]off"> + </span><span style="display:none;" id="core_SeleniumTest_test_Title_Validation[Iteration # 16 : exp: Comcast Official Site: High-Speed Internet; act: Comcast Official Site: High-Speed Internet, Cable TV, and Phone Services Deals &#x2013; XFINITY&#xae; from Comcast]on"> - </span>[ Detail ]</a></div></td>
<td>0.003</td></tr>
<tr class="b">
<td></td>
<td>FAILED expected:&lt;... High-Speed Internet[]&gt; but was:&lt;... High-Speed Internet[, Cable TV, and Phone Services Deals &#x2013; XFINITY&#xae; from Comcast]&gt;</td>
<td></td></tr>
<tr class="a">
<td></td>
<td>
<div id="core_SeleniumTest_test_Title_Validation[Iteration # 16 : exp: Comcast Official Site: High-Speed Internet; act: Comcast Official Site: High-Speed Internet, Cable TV, and Phone Services Deals &#x2013; XFINITY&#xae; from Comcast]error" style="display:none;">
<div>
<pre>org.junit.ComparisonFailure: FAILED expected:&lt;... High-Speed Internet[]&gt; but was:&lt;... High-Speed Internet[, Cable TV, and Phone Services Deals &#x2013; XFINITY&#xae; from Comcast]&gt;at org.junit.Assert.assertEquals(Assert.java:115)at core.SeleniumTest.test_Title_Validation(SeleniumTest.java:66)at sun.reflect.GeneratedMethodAccessor8.invoke(Unknown Source)at sun.reflect.DelegatingMethodAccessorImpl.invoke(DelegatingMethodAccessorImpl.java:43)at java.lang.reflect.Method.invoke(Method.java:606)at org.junit.runners.model.FrameworkMethod$1.runReflectiveCall(FrameworkMethod.java:47)at org.junit.internal.runners.model.ReflectiveCallable.run(ReflectiveCallable.java:12)at org.junit.runners.model.FrameworkMethod.invokeExplosively(FrameworkMethod.java:44)at org.junit.internal.runners.statements.InvokeMethod.evaluate(InvokeMethod.java:17)at org.junit.runners.ParentRunner.runLeaf(ParentRunner.java:271)at org.junit.runners.BlockJUnit4ClassRunner.runChild(BlockJUnit4ClassRunner.java:70)at org.junit.runners.BlockJUnit4ClassRunner.runChild(BlockJUnit4ClassRunner.java:50)at org.junit.runners.ParentRunner$3.run(ParentRunner.java:238)at org.junit.runners.ParentRunner$1.schedule(ParentRunner.java:63)at org.junit.runners.ParentRunner.runChildren(ParentRunner.java:236)at org.junit.runners.ParentRunner.access$000(ParentRunner.java:53)at org.junit.runners.ParentRunner$2.evaluate(ParentRunner.java:229)at org.junit.runners.ParentRunner.run(ParentRunner.java:309)at org.junit.runners.Suite.runChild(Suite.java:127)at org.junit.runners.Suite.runChild(Suite.java:26)at org.junit.runners.ParentRunner$3.run(ParentRunner.java:238)at org.junit.runners.ParentRunner$1.schedule(ParentRunner.java:63)at org.junit.runners.ParentRunner.runChildren(ParentRunner.java:236)at org.junit.runners.ParentRunner.access$000(ParentRunner.java:53)at org.junit.runners.ParentRunner$2.evaluate(ParentRunner.java:229)at org.junit.internal.runners.statements.RunBefores.evaluate(RunBefores.java:26)at org.junit.runners.ParentRunner.run(ParentRunner.java:309)at org.junit.runners.Suite.runChild(Suite.java:127)at org.junit.runners.Suite.runChild(Suite.java:26)at org.junit.runners.ParentRunner$3.run(ParentRunner.java:238)at org.junit.runners.ParentRunner$1.schedule(ParentRunner.java:63)at org.junit.runners.ParentRunner.runChildren(ParentRunner.java:236)at org.junit.runners.ParentRunner.access$000(ParentRunner.java:53)at org.junit.runners.ParentRunner$2.evaluate(ParentRunner.java:229)at org.junit.runners.ParentRunner.run(ParentRunner.java:309)at org.apache.maven.surefire.junit4.JUnit4Provider.execute(JUnit4Provider.java:252)at org.apache.maven.surefire.junit4.JUnit4Provider.executeTestSet(JUnit4Provider.java:141)at org.apache.maven.surefire.junit4.JUnit4Provider.invoke(JUnit4Provider.java:112)at sun.reflect.NativeMethodAccessorImpl.invoke0(Native Method)at sun.reflect.NativeMethodAccessorImpl.invoke(NativeMethodAccessorImpl.java:57)at sun.reflect.DelegatingMethodAccessorImpl.invoke(DelegatingMethodAccessorImpl.java:43)at java.lang.reflect.Method.invoke(Method.java:606)at org.apache.maven.surefire.util.ReflectionUtils.invokeMethodWithArray(ReflectionUtils.java:189)at org.apache.maven.surefire.booter.ProviderFactory$ProviderProxy.invoke(ProviderFactory.java:165)at org.apache.maven.surefire.booter.ProviderFactory.invokeProvider(ProviderFactory.java:85)at org.apache.maven.surefire.booter.ForkedBooter.runSuitesInProcess(ForkedBooter.java:115)at org.apache.maven.surefire.booter.ForkedBooter.main(ForkedBooter.java:75)</pre></div></div></td>
<td></td></tr>
<tr class="b">
<td><a href="#core.SeleniumTest.test_Title_Validation[Iteration # 17 : exp: Oracle | Hardware and Software; act: Oracle | Hardware and Software, Engineered to Work Together]"><img src="images/icon_error_sml.gif" alt="" /></a></td>
<td><a href="#core.SeleniumTest.test_Title_Validation[Iteration # 17 : exp: Oracle | Hardware and Software; act: Oracle | Hardware and Software, Engineered to Work Together]">test_Title_Validation[Iteration # 17 : exp: Oracle | Hardware and Software; act: Oracle | Hardware and Software, Engineered to Work Together]</a>
<div class="detailToggle" style="display:inline"><a href="javascript:toggleDisplay(&apos;core_SeleniumTest_test_Title_Validation[Iteration # 17 : exp: Oracle | Hardware and Software; act: Oracle | Hardware and Software, Engineered to Work Together]&apos;);"><span style="display:inline;" id="core_SeleniumTest_test_Title_Validation[Iteration # 17 : exp: Oracle | Hardware and Software; act: Oracle | Hardware and Software, Engineered to Work Together]off"> + </span><span style="display:none;" id="core_SeleniumTest_test_Title_Validation[Iteration # 17 : exp: Oracle | Hardware and Software; act: Oracle | Hardware and Software, Engineered to Work Together]on"> - </span>[ Detail ]</a></div></td>
<td>0.004</td></tr>
<tr class="a">
<td></td>
<td>FAILED expected:&lt;...ardware and Software[]&gt; but was:&lt;...ardware and Software[, Engineered to Work Together]&gt;</td>
<td></td></tr>
<tr class="b">
<td></td>
<td>
<div id="core_SeleniumTest_test_Title_Validation[Iteration # 17 : exp: Oracle | Hardware and Software; act: Oracle | Hardware and Software, Engineered to Work Together]error" style="display:none;">
<div>
<pre>org.junit.ComparisonFailure: FAILED expected:&lt;...ardware and Software[]&gt; but was:&lt;...ardware and Software[, Engineered to Work Together]&gt;at org.junit.Assert.assertEquals(Assert.java:115)at core.SeleniumTest.test_Title_Validation(SeleniumTest.java:66)at sun.reflect.GeneratedMethodAccessor8.invoke(Unknown Source)at sun.reflect.DelegatingMethodAccessorImpl.invoke(DelegatingMethodAccessorImpl.java:43)at java.lang.reflect.Method.invoke(Method.java:606)at org.junit.runners.model.FrameworkMethod$1.runReflectiveCall(FrameworkMethod.java:47)at org.junit.internal.runners.model.ReflectiveCallable.run(ReflectiveCallable.java:12)at org.junit.runners.model.FrameworkMethod.invokeExplosively(FrameworkMethod.java:44)at org.junit.internal.runners.statements.InvokeMethod.evaluate(InvokeMethod.java:17)at org.junit.runners.ParentRunner.runLeaf(ParentRunner.java:271)at org.junit.runners.BlockJUnit4ClassRunner.runChild(BlockJUnit4ClassRunner.java:70)at org.junit.runners.BlockJUnit4ClassRunner.runChild(BlockJUnit4ClassRunner.java:50)at org.junit.runners.ParentRunner$3.run(ParentRunner.java:238)at org.junit.runners.ParentRunner$1.schedule(ParentRunner.java:63)at org.junit.runners.ParentRunner.runChildren(ParentRunner.java:236)at org.junit.runners.ParentRunner.access$000(ParentRunner.java:53)at org.junit.runners.ParentRunner$2.evaluate(ParentRunner.java:229)at org.junit.runners.ParentRunner.run(ParentRunner.java:309)at org.junit.runners.Suite.runChild(Suite.java:127)at org.junit.runners.Suite.runChild(Suite.java:26)at org.junit.runners.ParentRunner$3.run(ParentRunner.java:238)at org.junit.runners.ParentRunner$1.schedule(ParentRunner.java:63)at org.junit.runners.ParentRunner.runChildren(ParentRunner.java:236)at org.junit.runners.ParentRunner.access$000(ParentRunner.java:53)at org.junit.runners.ParentRunner$2.evaluate(ParentRunner.java:229)at org.junit.internal.runners.statements.RunBefores.evaluate(RunBefores.java:26)at org.junit.runners.ParentRunner.run(ParentRunner.java:309)at org.junit.runners.Suite.runChild(Suite.java:127)at org.junit.runners.Suite.runChild(Suite.java:26)at org.junit.runners.ParentRunner$3.run(ParentRunner.java:238)at org.junit.runners.ParentRunner$1.schedule(ParentRunner.java:63)at org.junit.runners.ParentRunner.runChildren(ParentRunner.java:236)at org.junit.runners.ParentRunner.access$000(ParentRunner.java:53)at org.junit.runners.ParentRunner$2.evaluate(ParentRunner.java:229)at org.junit.runners.ParentRunner.run(ParentRunner.java:309)at org.apache.maven.surefire.junit4.JUnit4Provider.execute(JUnit4Provider.java:252)at org.apache.maven.surefire.junit4.JUnit4Provider.executeTestSet(JUnit4Provider.java:141)at org.apache.maven.surefire.junit4.JUnit4Provider.invoke(JUnit4Provider.java:112)at sun.reflect.NativeMethodAccessorImpl.invoke0(Native Method)at sun.reflect.NativeMethodAccessorImpl.invoke(NativeMethodAccessorImpl.java:57)at sun.reflect.DelegatingMethodAccessorImpl.invoke(DelegatingMethodAccessorImpl.java:43)at java.lang.reflect.Method.invoke(Method.java:606)at org.apache.maven.surefire.util.ReflectionUtils.invokeMethodWithArray(ReflectionUtils.java:189)at org.apache.maven.surefire.booter.ProviderFactory$ProviderProxy.invoke(ProviderFactory.java:165)at org.apache.maven.surefire.booter.ProviderFactory.invokeProvider(ProviderFactory.java:85)at org.apache.maven.surefire.booter.ForkedBooter.runSuitesInProcess(ForkedBooter.java:115)at org.apache.maven.surefire.booter.ForkedBooter.main(ForkedBooter.java:75)</pre></div></div></td>
<td></td></tr>
<tr class="a">
<td><a href="#core.SeleniumTest.test_Title_Validation[Iteration # 18 : exp: Stock Markets; act: Stock Markets, Business News, Financials, Earnings - CNBC]"><img src="images/icon_error_sml.gif" alt="" /></a></td>
<td><a href="#core.SeleniumTest.test_Title_Validation[Iteration # 18 : exp: Stock Markets; act: Stock Markets, Business News, Financials, Earnings - CNBC]">test_Title_Validation[Iteration # 18 : exp: Stock Markets; act: Stock Markets, Business News, Financials, Earnings - CNBC]</a>
<div class="detailToggle" style="display:inline"><a href="javascript:toggleDisplay(&apos;core_SeleniumTest_test_Title_Validation[Iteration # 18 : exp: Stock Markets; act: Stock Markets, Business News, Financials, Earnings - CNBC]&apos;);"><span style="display:inline;" id="core_SeleniumTest_test_Title_Validation[Iteration # 18 : exp: Stock Markets; act: Stock Markets, Business News, Financials, Earnings - CNBC]off"> + </span><span style="display:none;" id="core_SeleniumTest_test_Title_Validation[Iteration # 18 : exp: Stock Markets; act: Stock Markets, Business News, Financials, Earnings - CNBC]on"> - </span>[ Detail ]</a></div></td>
<td>0.001</td></tr>
<tr class="b">
<td></td>
<td>FAILED expected:&lt;Stock Markets[]&gt; but was:&lt;Stock Markets[, Business News, Financials, Earnings - CNBC]&gt;</td>
<td></td></tr>
<tr class="a">
<td></td>
<td>
<div id="core_SeleniumTest_test_Title_Validation[Iteration # 18 : exp: Stock Markets; act: Stock Markets, Business News, Financials, Earnings - CNBC]error" style="display:none;">
<div>
<pre>org.junit.ComparisonFailure: FAILED expected:&lt;Stock Markets[]&gt; but was:&lt;Stock Markets[, Business News, Financials, Earnings - CNBC]&gt;at org.junit.Assert.assertEquals(Assert.java:115)at core.SeleniumTest.test_Title_Validation(SeleniumTest.java:66)at sun.reflect.GeneratedMethodAccessor8.invoke(Unknown Source)at sun.reflect.DelegatingMethodAccessorImpl.invoke(DelegatingMethodAccessorImpl.java:43)at java.lang.reflect.Method.invoke(Method.java:606)at org.junit.runners.model.FrameworkMethod$1.runReflectiveCall(FrameworkMethod.java:47)at org.junit.internal.runners.model.ReflectiveCallable.run(ReflectiveCallable.java:12)at org.junit.runners.model.FrameworkMethod.invokeExplosively(FrameworkMethod.java:44)at org.junit.internal.runners.statements.InvokeMethod.evaluate(InvokeMethod.java:17)at org.junit.runners.ParentRunner.runLeaf(ParentRunner.java:271)at org.junit.runners.BlockJUnit4ClassRunner.runChild(BlockJUnit4ClassRunner.java:70)at org.junit.runners.BlockJUnit4ClassRunner.runChild(BlockJUnit4ClassRunner.java:50)at org.junit.runners.ParentRunner$3.run(ParentRunner.java:238)at org.junit.runners.ParentRunner$1.schedule(ParentRunner.java:63)at org.junit.runners.ParentRunner.runChildren(ParentRunner.java:236)at org.junit.runners.ParentRunner.access$000(ParentRunner.java:53)at org.junit.runners.ParentRunner$2.evaluate(ParentRunner.java:229)at org.junit.runners.ParentRunner.run(ParentRunner.java:309)at org.junit.runners.Suite.runChild(Suite.java:127)at org.junit.runners.Suite.runChild(Suite.java:26)at org.junit.runners.ParentRunner$3.run(ParentRunner.java:238)at org.junit.runners.ParentRunner$1.schedule(ParentRunner.java:63)at org.junit.runners.ParentRunner.runChildren(ParentRunner.java:236)at org.junit.runners.ParentRunner.access$000(ParentRunner.java:53)at org.junit.runners.ParentRunner$2.evaluate(ParentRunner.java:229)at org.junit.internal.runners.statements.RunBefores.evaluate(RunBefores.java:26)at org.junit.runners.ParentRunner.run(ParentRunner.java:309)at org.junit.runners.Suite.runChild(Suite.java:127)at org.junit.runners.Suite.runChild(Suite.java:26)at org.junit.runners.ParentRunner$3.run(ParentRunner.java:238)at org.junit.runners.ParentRunner$1.schedule(ParentRunner.java:63)at org.junit.runners.ParentRunner.runChildren(ParentRunner.java:236)at org.junit.runners.ParentRunner.access$000(ParentRunner.java:53)at org.junit.runners.ParentRunner$2.evaluate(ParentRunner.java:229)at org.junit.runners.ParentRunner.run(ParentRunner.java:309)at org.apache.maven.surefire.junit4.JUnit4Provider.execute(JUnit4Provider.java:252)at org.apache.maven.surefire.junit4.JUnit4Provider.executeTestSet(JUnit4Provider.java:141)at org.apache.maven.surefire.junit4.JUnit4Provider.invoke(JUnit4Provider.java:112)at sun.reflect.NativeMethodAccessorImpl.invoke0(Native Method)at sun.reflect.NativeMethodAccessorImpl.invoke(NativeMethodAccessorImpl.java:57)at sun.reflect.DelegatingMethodAccessorImpl.invoke(DelegatingMethodAccessorImpl.java:43)at java.lang.reflect.Method.invoke(Method.java:606)at org.apache.maven.surefire.util.ReflectionUtils.invokeMethodWithArray(ReflectionUtils.java:189)at org.apache.maven.surefire.booter.ProviderFactory$ProviderProxy.invoke(ProviderFactory.java:165)at org.apache.maven.surefire.booter.ProviderFactory.invokeProvider(ProviderFactory.java:85)at org.apache.maven.surefire.booter.ForkedBooter.runSuitesInProcess(ForkedBooter.java:115)at org.apache.maven.surefire.booter.ForkedBooter.main(ForkedBooter.java:75)</pre></div></div></td>
<td></td></tr>
<tr class="b">
<td><img src="images/icon_success_sml.gif" alt="" /></td>
<td>test_Title_Validation[Iteration # 19 : exp: HBO; act: HBO]</td>
<td>0</td></tr>
<tr class="a">
<td><a href="#core.SeleniumTest.test_Title_Validation[Iteration # 20 : exp: Imagine Greater | Syfy; act: Syfy: Imagine Greater | Syfy]"><img src="images/icon_error_sml.gif" alt="" /></a></td>
<td><a href="#core.SeleniumTest.test_Title_Validation[Iteration # 20 : exp: Imagine Greater | Syfy; act: Syfy: Imagine Greater | Syfy]">test_Title_Validation[Iteration # 20 : exp: Imagine Greater | Syfy; act: Syfy: Imagine Greater | Syfy]</a>
<div class="detailToggle" style="display:inline"><a href="javascript:toggleDisplay(&apos;core_SeleniumTest_test_Title_Validation[Iteration # 20 : exp: Imagine Greater | Syfy; act: Syfy: Imagine Greater | Syfy]&apos;);"><span style="display:inline;" id="core_SeleniumTest_test_Title_Validation[Iteration # 20 : exp: Imagine Greater | Syfy; act: Syfy: Imagine Greater | Syfy]off"> + </span><span style="display:none;" id="core_SeleniumTest_test_Title_Validation[Iteration # 20 : exp: Imagine Greater | Syfy; act: Syfy: Imagine Greater | Syfy]on"> - </span>[ Detail ]</a></div></td>
<td>0.001</td></tr>
<tr class="b">
<td></td>
<td>FAILED expected:&lt;[]Imagine Greater | Sy...&gt; but was:&lt;[Syfy: ]Imagine Greater | Sy...&gt;</td>
<td></td></tr>
<tr class="a">
<td></td>
<td>
<div id="core_SeleniumTest_test_Title_Validation[Iteration # 20 : exp: Imagine Greater | Syfy; act: Syfy: Imagine Greater | Syfy]error" style="display:none;">
<div>
<pre>org.junit.ComparisonFailure: FAILED expected:&lt;[]Imagine Greater | Sy...&gt; but was:&lt;[Syfy: ]Imagine Greater | Sy...&gt;at org.junit.Assert.assertEquals(Assert.java:115)at core.SeleniumTest.test_Title_Validation(SeleniumTest.java:66)at sun.reflect.GeneratedMethodAccessor8.invoke(Unknown Source)at sun.reflect.DelegatingMethodAccessorImpl.invoke(DelegatingMethodAccessorImpl.java:43)at java.lang.reflect.Method.invoke(Method.java:606)at org.junit.runners.model.FrameworkMethod$1.runReflectiveCall(FrameworkMethod.java:47)at org.junit.internal.runners.model.ReflectiveCallable.run(ReflectiveCallable.java:12)at org.junit.runners.model.FrameworkMethod.invokeExplosively(FrameworkMethod.java:44)at org.junit.internal.runners.statements.InvokeMethod.evaluate(InvokeMethod.java:17)at org.junit.runners.ParentRunner.runLeaf(ParentRunner.java:271)at org.junit.runners.BlockJUnit4ClassRunner.runChild(BlockJUnit4ClassRunner.java:70)at org.junit.runners.BlockJUnit4ClassRunner.runChild(BlockJUnit4ClassRunner.java:50)at org.junit.runners.ParentRunner$3.run(ParentRunner.java:238)at org.junit.runners.ParentRunner$1.schedule(ParentRunner.java:63)at org.junit.runners.ParentRunner.runChildren(ParentRunner.java:236)at org.junit.runners.ParentRunner.access$000(ParentRunner.java:53)at org.junit.runners.ParentRunner$2.evaluate(ParentRunner.java:229)at org.junit.runners.ParentRunner.run(ParentRunner.java:309)at org.junit.runners.Suite.runChild(Suite.java:127)at org.junit.runners.Suite.runChild(Suite.java:26)at org.junit.runners.ParentRunner$3.run(ParentRunner.java:238)at org.junit.runners.ParentRunner$1.schedule(ParentRunner.java:63)at org.junit.runners.ParentRunner.runChildren(ParentRunner.java:236)at org.junit.runners.ParentRunner.access$000(ParentRunner.java:53)at org.junit.runners.ParentRunner$2.evaluate(ParentRunner.java:229)at org.junit.internal.runners.statements.RunBefores.evaluate(RunBefores.java:26)at org.junit.runners.ParentRunner.run(ParentRunner.java:309)at org.junit.runners.Suite.runChild(Suite.java:127)at org.junit.runners.Suite.runChild(Suite.java:26)at org.junit.runners.ParentRunner$3.run(ParentRunner.java:238)at org.junit.runners.ParentRunner$1.schedule(ParentRunner.java:63)at org.junit.runners.ParentRunner.runChildren(ParentRunner.java:236)at org.junit.runners.ParentRunner.access$000(ParentRunner.java:53)at org.junit.runners.ParentRunner$2.evaluate(ParentRunner.java:229)at org.junit.runners.ParentRunner.run(ParentRunner.java:309)at org.apache.maven.surefire.junit4.JUnit4Provider.execute(JUnit4Provider.java:252)at org.apache.maven.surefire.junit4.JUnit4Provider.executeTestSet(JUnit4Provider.java:141)at org.apache.maven.surefire.junit4.JUnit4Provider.invoke(JUnit4Provider.java:112)at sun.reflect.NativeMethodAccessorImpl.invoke0(Native Method)at sun.reflect.NativeMethodAccessorImpl.invoke(NativeMethodAccessorImpl.java:57)at sun.reflect.DelegatingMethodAccessorImpl.invoke(DelegatingMethodAccessorImpl.java:43)at java.lang.reflect.Method.invoke(Method.java:606)at org.apache.maven.surefire.util.ReflectionUtils.invokeMethodWithArray(ReflectionUtils.java:189)at org.apache.maven.surefire.booter.ProviderFactory$ProviderProxy.invoke(ProviderFactory.java:165)at org.apache.maven.surefire.booter.ProviderFactory.invokeProvider(ProviderFactory.java:85)at org.apache.maven.surefire.booter.ForkedBooter.runSuitesInProcess(ForkedBooter.java:115)at org.apache.maven.surefire.booter.ForkedBooter.main(ForkedBooter.java:75)</pre></div></div></td>
<td></td></tr>
<tr class="b">
<td><img src="images/icon_success_sml.gif" alt="" /></td>
<td>test_Title_Validation[Iteration # 21 : exp: Welcome to The Apache Software Foundation!; act: Welcome to The Apache Software Foundation!]</td>
<td>0.002</td></tr>
<tr class="a">
<td><img src="images/icon_success_sml.gif" alt="" /></td>
<td>test_Title_Validation[Iteration # 22 : exp: Homepage | USCIS; act: Homepage | USCIS]</td>
<td>0.001</td></tr>
<tr class="b">
<td><img src="images/icon_success_sml.gif" alt="" /></td>
<td>test_Title_Validation[Iteration # 23 : exp: California Department of Motor Vehicles; act: California Department of Motor Vehicles]</td>
<td>0.001</td></tr>
<tr class="a">
<td><img src="images/icon_success_sml.gif" alt="" /></td>
<td>test_Title_Validation[Iteration # 24 : exp: Welcome to Costco Wholesale; act: Welcome to Costco Wholesale]</td>
<td>0.005</td></tr></table></div><br /></div>
<div class="section">
<h2>Failure Details<a name="Failure_Details"></a></h2><a name="Failure_Details"></a>
<p>[<a href="#Summary">Summary</a>] [<a href="#Package_List">Package List</a>] [<a href="#Test_Cases">Test Cases</a>]</p><br />
<table border="1" class="bodyTable">
<tr class="a">
<td><img src="images/icon_error_sml.gif" alt="" /></td>
<td><a name="core.SeleniumTest.test_Title_ValidationIteration__5_:_exp:_Amazon.com:_Online_Shopping_for_Electronics_act:_Amazon.com:_Online_Shopping_for_Electronics_Apparel_Computers_Books_DVDs__more"></a>test_Title_Validation[Iteration # 5 : exp: Amazon.com: Online Shopping for Electronics; act: Amazon.com: Online Shopping for Electronics, Apparel, Computers, Books, DVDs &amp; more]</td></tr>
<tr class="b">
<td></td>
<td>org.junit.ComparisonFailure: FAILED expected:&lt;...ping for Electronics[]&gt; but was:&lt;...ping for Electronics[, Apparel, Computers, Books, DVDs &amp; more]&gt;</td></tr>                                                                                                                                                                                                
<tr class="a">
<td></td>
<td>
<div id="test_Title_Validation[Iteration # 5 : exp: Amazon.com: Online Shopping for Electronics; act: Amazon.com: Online Shopping for Electronics, Apparel, Computers, Books, DVDs &amp; more]error">core.SeleniumTest:</div></td></tr>
<tr class="b">
<td><img src="images/icon_error_sml.gif" alt="" /></td>
<td><a name="core.SeleniumTest.test_Title_ValidationIteration__6_:_exp:_Electronics_act:_Electronics_Cars_Fashion_Collectibles_Coupons_and_More__eBay"></a>test_Title_Validation[Iteration # 6 : exp: Electronics; act: Electronics, Cars, Fashion, Collectibles, Coupons and More | eBay]</td></tr>
<tr class="a">
<td></td>
<td>org.junit.ComparisonFailure: FAILED expected:&lt;Electronics[]&gt; but was:&lt;Electronics[, Cars, Fashion, Collectibles, Coupons and More | eBay]&gt;</td></tr>                                                                                                                                                                                                
<tr class="b">
<td></td>
<td>
<div id="test_Title_Validation[Iteration # 6 : exp: Electronics; act: Electronics, Cars, Fashion, Collectibles, Coupons and More | eBay]error">core.SeleniumTest:</div></td></tr>
<tr class="a">
<td><img src="images/icon_error_sml.gif" alt="" /></td>
<td><a name="core.SeleniumTest.test_Title_ValidationIteration__7_:_exp:_GitHub__Build_software_better_act:_GitHub__Build_software_better_together."></a>test_Title_Validation[Iteration # 7 : exp: GitHub &#xc2;&#xb7; Build software better; act: GitHub &#xb7; Build software better, together.]</td></tr>
<tr class="b">
<td></td>
<td>org.junit.ComparisonFailure: FAILED expected:&lt;GitHub [&#xc2;&#xb7; Build software better]&gt; but was:&lt;GitHub [&#xb7; Build software better, together.]&gt;</td></tr>
<tr class="a">
<td></td>
<td>
<div id="test_Title_Validation[Iteration # 7 : exp: GitHub &#xc2;&#xb7; Build software better; act: GitHub &#xb7; Build software better, together.]error">core.SeleniumTest:</div></td></tr>
<tr class="b">
<td><img src="images/icon_error_sml.gif" alt="" /></td>
<td><a name="core.SeleniumTest.test_Title_ValidationIteration__8_:_exp:_Welcome_to_Facebook_-_Log_In_act:_Welcome_to_Facebook_-_Log_In_Sign_Up_or_Learn_More"></a>test_Title_Validation[Iteration # 8 : exp: Welcome to Facebook - Log In; act: Welcome to Facebook - Log In, Sign Up or Learn More]</td></tr>
<tr class="a">
<td></td>
<td>org.junit.ComparisonFailure: FAILED expected:&lt;...to Facebook - Log In[]&gt; but was:&lt;...to Facebook - Log In[, Sign Up or Learn More]&gt;</td></tr>                                                                                                                                                                                            
<tr class="b">
<td></td>
<td>
<div id="test_Title_Validation[Iteration # 8 : exp: Welcome to Facebook - Log In; act: Welcome to Facebook - Log In, Sign Up or Learn More]error">core.SeleniumTest:</div></td></tr>
<tr class="a">
<td><img src="images/icon_error_sml.gif" alt="" /></td>
<td><a name="core.SeleniumTest.test_Title_ValidationIteration__10_:_exp:_CBS_TV_Network_Primetime_act:_CBS_TV_Network_Primetime_Daytime_Late_Night_and_Classic_Television_Shows"></a>test_Title_Validation[Iteration # 10 : exp: CBS TV Network Primetime; act: CBS TV Network Primetime, Daytime, Late Night and Classic Television Shows]</td></tr>
<tr class="b">
<td></td>
<td>org.junit.ComparisonFailure: FAILED expected:&lt;...TV Network Primetime[]&gt; but was:&lt;...TV Network Primetime[, Daytime, Late Night and Classic Television Shows]&gt;</td></tr>                                                                                                                                                                                                
<tr class="a">
<td></td>
<td>
<div id="test_Title_Validation[Iteration # 10 : exp: CBS TV Network Primetime; act: CBS TV Network Primetime, Daytime, Late Night and Classic Television Shows]error">core.SeleniumTest:</div></td></tr>
<tr class="b">
<td><img src="images/icon_error_sml.gif" alt="" /></td>
<td><a name="core.SeleniumTest.test_Title_ValidationIteration__11_:_exp:_NBC_TV_Network__Watch_Primetime_act:_NBC_TV_Network__Watch_Primetime_Daytime_Late_Night__Classic_Television"></a>test_Title_Validation[Iteration # 11 : exp: NBC TV Network | Watch Primetime; act: NBC TV Network | Watch Primetime, Daytime, Late Night &amp; Classic Television]</td></tr>
<tr class="a">
<td></td>
<td>org.junit.ComparisonFailure: FAILED expected:&lt;...rk | Watch Primetime[]&gt; but was:&lt;...rk | Watch Primetime[, Daytime, Late Night &amp; Classic Television]&gt;</td></tr>                                                                                                                                                                                                
<tr class="b">
<td></td>
<td>
<div id="test_Title_Validation[Iteration # 11 : exp: NBC TV Network | Watch Primetime; act: NBC TV Network | Watch Primetime, Daytime, Late Night &amp; Classic Television]error">core.SeleniumTest:</div></td></tr>
<tr class="a">
<td><img src="images/icon_error_sml.gif" alt="" /></td>
<td><a name="core.SeleniumTest.test_Title_ValidationIteration__13_:_exp:_Netflix_-_Watch_TV_Shows_Online_act:_Netflix_-_Watch_TV_Shows_Online_Watch_Movies_Online"></a>test_Title_Validation[Iteration # 13 : exp: Netflix - Watch TV Shows Online; act: Netflix - Watch TV Shows Online, Watch Movies Online]</td></tr>
<tr class="b">
<td></td>
<td>org.junit.ComparisonFailure: FAILED expected:&lt;...atch TV Shows Online[]&gt; but was:&lt;...atch TV Shows Online[, Watch Movies Online]&gt;</td></tr>                                                                                                                                                                                                
<tr class="a">
<td></td>
<td>
<div id="test_Title_Validation[Iteration # 13 : exp: Netflix - Watch TV Shows Online; act: Netflix - Watch TV Shows Online, Watch Movies Online]error">core.SeleniumTest:</div></td></tr>
<tr class="b">
<td><img src="images/icon_error_sml.gif" alt="" /></td>
<td><a name="core.SeleniumTest.test_Title_ValidationIteration__14_:_exp:_New_Music_Videos_act:_New_Music_Videos_Reality_TV_Shows_Celebrity_News_Pop_Culture__MTV"></a>test_Title_Validation[Iteration # 14 : exp: New Music Videos; act: New Music Videos, Reality TV Shows, Celebrity News, Pop Culture | MTV]</td></tr>
<tr class="a">
<td></td>
<td>org.junit.ComparisonFailure: FAILED expected:&lt;New Music Videos[]&gt; but was:&lt;New Music Videos[, Reality TV Shows, Celebrity News, Pop Culture | MTV]&gt;</td></tr>                                                                                                                                                                                                
<tr class="b">
<td></td>
<td>
<div id="test_Title_Validation[Iteration # 14 : exp: New Music Videos; act: New Music Videos, Reality TV Shows, Celebrity News, Pop Culture | MTV]error">core.SeleniumTest:</div></td></tr>
<tr class="a">
<td><img src="images/icon_error_sml.gif" alt="" /></td>
<td><a name="core.SeleniumTest.test_Title_ValidationIteration__16_:_exp:_Comcast_Official_Site:_High-Speed_Internet_act:_Comcast_Official_Site:_High-Speed_Internet_Cable_TV_and_Phone_Services_Deals__XFINITY_from_Comcast"></a>test_Title_Validation[Iteration # 16 : exp: Comcast Official Site: High-Speed Internet; act: Comcast Official Site: High-Speed Internet, Cable TV, and Phone Services Deals &#x2013; XFINITY&#xae; from Comcast]</td></tr>
<tr class="b">
<td></td>
<td>org.junit.ComparisonFailure: FAILED expected:&lt;... High-Speed Internet[]&gt; but was:&lt;... High-Speed Internet[, Cable TV, and Phone Services Deals &#x2013; XFINITY&#xae; from Comcast]&gt;</td></tr>                                                                                                                                                                                            
<tr class="a">
<td></td>
<td>
<div id="test_Title_Validation[Iteration # 16 : exp: Comcast Official Site: High-Speed Internet; act: Comcast Official Site: High-Speed Internet, Cable TV, and Phone Services Deals &#x2013; XFINITY&#xae; from Comcast]error">core.SeleniumTest:</div></td></tr>
<tr class="b">
<td><img src="images/icon_error_sml.gif" alt="" /></td>
<td><a name="core.SeleniumTest.test_Title_ValidationIteration__17_:_exp:_Oracle__Hardware_and_Software_act:_Oracle__Hardware_and_Software_Engineered_to_Work_Together"></a>test_Title_Validation[Iteration # 17 : exp: Oracle | Hardware and Software; act: Oracle | Hardware and Software, Engineered to Work Together]</td></tr>
<tr class="a">
<td></td>
<td>org.junit.ComparisonFailure: FAILED expected:&lt;...ardware and Software[]&gt; but was:&lt;...ardware and Software[, Engineered to Work Together]&gt;</td></tr>                                                                                                                                                                                            
<tr class="b">
<td></td>
<td>
<div id="test_Title_Validation[Iteration # 17 : exp: Oracle | Hardware and Software; act: Oracle | Hardware and Software, Engineered to Work Together]error">core.SeleniumTest:</div></td></tr>
<tr class="a">
<td><img src="images/icon_error_sml.gif" alt="" /></td>
<td><a name="core.SeleniumTest.test_Title_ValidationIteration__18_:_exp:_Stock_Markets_act:_Stock_Markets_Business_News_Financials_Earnings_-_CNBC"></a>test_Title_Validation[Iteration # 18 : exp: Stock Markets; act: Stock Markets, Business News, Financials, Earnings - CNBC]</td></tr>
<tr class="b">
<td></td>
<td>org.junit.ComparisonFailure: FAILED expected:&lt;Stock Markets[]&gt; but was:&lt;Stock Markets[, Business News, Financials, Earnings - CNBC]&gt;</td></tr>                                                                                                                                                                                            
<tr class="a">
<td></td>
<td>
<div id="test_Title_Validation[Iteration # 18 : exp: Stock Markets; act: Stock Markets, Business News, Financials, Earnings - CNBC]error">core.SeleniumTest:</div></td></tr>
<tr class="b">
<td><img src="images/icon_error_sml.gif" alt="" /></td>
<td><a name="core.SeleniumTest.test_Title_ValidationIteration__20_:_exp:_Imagine_Greater__Syfy_act:_Syfy:_Imagine_Greater__Syfy"></a>test_Title_Validation[Iteration # 20 : exp: Imagine Greater | Syfy; act: Syfy: Imagine Greater | Syfy]</td></tr>
<tr class="a">
<td></td>
<td>org.junit.ComparisonFailure: FAILED expected:&lt;[]Imagine Greater | Sy...&gt; but was:&lt;[Syfy: ]Imagine Greater | Sy...&gt;</td></tr>                                                                                                                                                                                            
<tr class="b">
<td></td>
<td>
<div id="test_Title_Validation[Iteration # 20 : exp: Imagine Greater | Syfy; act: Syfy: Imagine Greater | Syfy]error">core.SeleniumTest:</div></td></tr></table><br /></div>
      </div>
    </div>
    <div class="clear">
      <hr/>
    </div>
    <div id="footer">
      <div class="xright">
              Copyright &#169;                   2014.
          All Rights Reserved.      
                    
                  </div>
      <div class="clear">
        <hr/>
      </div>
    </div>
  </body>
</html>
